D:\TANK2\TANK2\TANK1\DEBUG\坦克大战界面3.0.PCH
D:\TANK2\TANK2\TANK1\DEBUG\STDAFX.OBJ
D:\TANK2\TANK2\TANK1\DEBUG\VC110.PDB
D:\TANK2\TANK2\TANK1\DEBUG\CHILDCLA1.OBJ
D:\TANK2\TANK2\TANK1\DEBUG\CMYDIA1.OBJ
D:\TANK2\TANK2\TANK1\DEBUG\CMYDIA10.OBJ
D:\TANK2\TANK2\TANK1\DEBUG\CMYDIA11.OBJ
D:\TANK2\TANK2\TANK1\DEBUG\CMYDIA12.OBJ
D:\TANK2\TANK2\TANK1\DEBUG\CMYDIA13.OBJ
D:\TANK2\TANK2\TANK1\DEBUG\CMYDIA14.OBJ
D:\TANK2\TANK2\TANK1\DEBUG\CMYDIA15.OBJ
D:\TANK2\TANK2\TANK1\DEBUG\CMYDIA2.OBJ
D:\TANK2\TANK2\TANK1\DEBUG\CMYDIA4.OBJ
D:\TANK2\TANK2\TANK1\DEBUG\CMYDIA5.OBJ
D:\TANK2\TANK2\TANK1\DEBUG\CMYDIA6.OBJ
D:\TANK2\TANK2\TANK1\DEBUG\CMYDIA9.OBJ
D:\TANK2\TANK2\TANK1\DEBUG\THING.OBJ
D:\TANK2\TANK2\TANK1\DEBUG\坦克大战界面3.0.OBJ
D:\TANK2\TANK2\TANK1\DEBUG\坦克大战界面3.0DLG.OBJ
D:\TANK2\TANK2\TANK1\DEBUG\坦克大战界面3.0.ILK
D:\TANK2\TANK2\TANK1\DEBUG\坦克大战界面3.0.EXE
D:\TANK2\TANK2\TANK1\DEBUG\坦克大战界面3.0.PDB
D:\TANK2\TANK2\TANK1\DEBUG\坦克大战界面3.0.RES
D:\Tank2\Tank2\Tank1\Debug\ChildCla1.obj
D:\Tank2\Tank2\Tank1\Debug\Cmydia1.obj
D:\Tank2\Tank2\Tank1\Debug\Cmydia10.obj
D:\Tank2\Tank2\Tank1\Debug\Cmydia11.obj
D:\Tank2\Tank2\Tank1\Debug\Cmydia12.obj
D:\Tank2\Tank2\Tank1\Debug\Cmydia13.obj
D:\Tank2\Tank2\Tank1\Debug\Cmydia14.obj
D:\Tank2\Tank2\Tank1\Debug\Cmydia15.obj
D:\Tank2\Tank2\Tank1\Debug\Cmydia2.obj
D:\Tank2\Tank2\Tank1\Debug\Cmydia4.obj
D:\Tank2\Tank2\Tank1\Debug\Cmydia5.obj
D:\Tank2\Tank2\Tank1\Debug\Cmydia6.obj
D:\Tank2\Tank2\Tank1\Debug\Cmydia9.obj
D:\Tank2\Tank2\Tank1\Debug\stdafx.obj
D:\Tank2\Tank2\Tank1\Debug\Thing.obj
D:\Tank2\Tank2\Tank1\Debug\坦克大战界面3.0.obj
D:\Tank2\Tank2\Tank1\Debug\坦克大战界面3.0Dlg.obj
D:\Tank2\Tank2\Tank1\Debug\坦克大战界面3.0.ilk
D:\Tank2\Tank2\Tank1\Debug\cl.command.1.tlog
D:\Tank2\Tank2\Tank1\Debug\CL.read.1.tlog
D:\Tank2\Tank2\Tank1\Debug\CL.write.1.tlog
D:\Tank2\Tank2\Tank1\Debug\link-cvtres.read.1.tlog
D:\Tank2\Tank2\Tank1\Debug\link-cvtres.write.1.tlog
D:\Tank2\Tank2\Tank1\Debug\link-mt.read.1.tlog
D:\Tank2\Tank2\Tank1\Debug\link-mt.write.1.tlog
D:\Tank2\Tank2\Tank1\Debug\link-rc.read.1.tlog
D:\Tank2\Tank2\Tank1\Debug\link-rc.write.1.tlog
D:\Tank2\Tank2\Tank1\Debug\link.command.1.tlog
D:\Tank2\Tank2\Tank1\Debug\link.read.1.tlog
D:\Tank2\Tank2\Tank1\Debug\link.write.1.tlog
D:\Tank2\Tank2\Tank1\Debug\rc.command.1.tlog
D:\Tank2\Tank2\Tank1\Debug\rc.read.1.tlog
D:\Tank2\Tank2\Tank1\Debug\rc.write.1.tlog
D:\Tank2\Tank2\Tank1\Debug\坦克大战界面3.0.res
D:\Tank2\Tank2\Tank1\Debug\坦克大战界面3.0.pch
D:\Tank2\Tank2\Tank1\Debug\vc110.idb
D:\Tank2\Tank2\Tank1\Debug\vc110.pdb
D:\Tank2\Tank2\Tank1\Debug\坦克大战界面3.0.pdb
D:\Tank2\Tank2\Tank1\Debug\坦克大战界面3.0.exe
